2025-12-19 16:10:02.391996 | play first video
2025-12-19 16:10:17.452445 | play first video
2025-12-19 16:11:04.240112 | scroll up
2025-12-19 16:11:20.805659 | scroll up
2025-12-19 16:11:31.274319 | play song
2025-12-19 16:11:41.968326 | play song
2025-12-19 16:12:10.501747 | yes
2025-12-19 16:12:31.695638 | go to prevention
2025-12-19 16:12:47.674302 | next app
2025-12-19 16:13:07.333999 | web open vs code
2025-12-19 16:14:32.727293 | increase brightness
2025-12-19 16:14:53.106047 | decrease volume
2025-12-19 16:15:08.574451 | down value
2025-12-19 16:15:35.302522 | desktop
2025-12-19 16:16:10.419080 | yes open and random file on desktop
2025-12-19 16:16:55.481598 | decrease brightness
2025-12-19 16:19:30.317227 | exit
2025-12-19 21:27:32.062961 | open whatsapp
2025-12-19 21:27:51.516346 | message dhruv hai
2025-12-19 21:28:27.255121 | when you message dhruv on whatsapp
2025-12-19 21:28:40.105016 | close whatsapp app
2025-12-19 21:28:47.696688 | close whatsapp tab
2025-12-19 21:30:27.097482 | exit
2025-12-19 21:30:29.024803 | exit
2025-12-19 21:30:58.733792 | i said exit go to sleep
2025-12-19 21:31:17.772799 | sweet dreams
2025-12-19 22:02:16.184019 | take me to desktop
2025-12-19 22:02:30.984255 | take me to desktop
2025-12-19 22:02:59.707999 | minimise all tabs
2025-12-19 22:03:23.153430 | you haven't done
2025-12-19 22:07:24.295484 | open whatsapp
2025-12-19 22:07:41.339825 | send message to dhruv
2025-12-19 22:08:03.740887 | add
2025-12-19 22:08:19.979342 | hello dhruv
2025-12-19 22:08:30.692026 | send hello dhruv message
2025-12-19 22:08:41.664677 | send message on whatsapp
2025-12-19 22:08:48.296523 | dhruv
2025-12-19 22:09:12.488797 | send message to dhruv on whatsapp
2025-12-19 22:09:22.811581 | dhruv
2025-12-19 22:27:30.349971 | hey
2025-12-19 22:27:39.653072 | open whatsapp
2025-12-19 22:27:58.407146 | send message on whatsapp
2025-12-19 22:28:19.344652 | message dhruv on whatsapp
2025-12-19 22:28:47.693960 | message dhruv
2025-12-19 22:29:34.138818 | yes i want you to send message to dhruv
2025-12-19 22:30:03.824663 | send a message to guru on whatsapp
2025-12-19 22:41:18.475316 | open whatsapp
2025-12-19 22:41:32.018689 | send message on whatsapp
2025-12-19 22:41:40.218377 | dhruv
2025-12-19 22:42:07.567502 | message dhruv on whatsapp
2025-12-19 22:42:36.088926 | message dhruv
2025-12-19 22:49:41.891062 | send message on whatsapp
2025-12-19 22:49:51.125247 | dhruv
2025-12-19 22:54:38.960896 | send message on whatsapp
2025-12-19 22:55:04.291537 | dhruv
2025-12-19 22:55:18.510422 | send hello dhruv
2025-12-19 22:56:27.082791 | send message to dhruv
2025-12-19 22:57:01.469983 | send message on whatsapp
2025-12-19 22:58:10.418230 | send message on whatsapp
2025-12-19 22:58:28.494526 | send message on whatsapp
2025-12-19 23:02:09.162976 | send message on whatsapp
2025-12-19 23:02:16.524755 | dhruv
2025-12-19 23:02:24.535739 | hello bro
2025-12-19 23:07:00.280480 | hello
2025-12-19 23:07:09.962426 | send message on whatsapp
2025-12-19 23:07:15.083001 | send message on whatsapp
2025-12-19 23:07:26.717716 | hello
2025-12-19 23:12:58.487581 | send message on whatsapp
2025-12-19 23:14:07.252502 | send message on whatsapp
2025-12-19 23:14:16.782593 | hello
2025-12-19 23:14:26.696403 | capture all the
2025-12-19 23:14:45.012920 | reasoning
2025-12-19 23:15:49.918903 | simple
2025-12-19 23:20:47.026739 | send message on whatsapp
2025-12-19 23:20:55.366648 | dhruv
2025-12-19 23:21:03.979398 | hello i am ai assistant
2025-12-19 23:22:15.494921 | who is dhruv
2025-12-19 23:22:40.650880 | who is my friend
2025-12-19 23:23:02.689331 | send message on whatsapp
2025-12-19 23:23:10.313934 | dhruv
2025-12-19 23:23:21.280418 | hello am i am ai assistant
2025-12-19 23:24:38.818445 | avengers
2025-12-19 23:25:04.601363 | yes iron man
2025-12-19 23:25:33.548369 | who is dhruv
2025-12-19 23:25:52.798092 | who is yash
2025-12-19 23:26:23.680256 | who is my friend
2025-12-19 23:26:54.124756 | dhruv is my friend keep it in permanent memory
2025-12-19 23:27:21.979562 | who is dhruv
2025-12-19 23:27:49.230984 | no
2025-12-19 23:28:51.723764 | do you know jay jadhav
2025-12-19 23:28:57.114170 | bike number
2025-12-19 23:30:00.358584 | ms 17
2025-12-19 23:30:21.784299 | shatrughan sinha
2025-12-19 23:30:23.697306 | kya tumhen hindi aati hai
2025-12-19 23:30:54.075062 | kya aapki shaadi
2025-12-19 23:31:02.044092 | sinking pratik pawar
2025-12-19 23:31:41.757497 | speak something in hindi
2025-12-19 23:31:51.098068 | you are here are you
2025-12-19 23:32:11.657453 | main kaun hun
2025-12-19 23:32:20.622575 | rinku gupta
2025-12-19 23:32:40.107895 | kaun hai vah kaun hai
2025-12-19 23:32:47.543779 | rinku singh who is virat kohli
2025-12-19 23:33:27.536890 | do you like virat kohli
2025-12-19 23:33:34.735618 | swinging
2025-12-19 23:33:39.055919 | to singapore
2025-12-19 23:35:06.977698 | why did you say virat kohli is your brother
2025-12-19 23:35:45.499800 | silence
2025-12-19 23:36:29.959418 | who is dhruv
2025-12-19 23:36:30.898752 | who is dhruv
2025-12-19 23:37:28.337390 | mahaveer swami
2025-12-19 23:38:38.078706 | job service
2025-12-19 23:39:02.498514 | satvik needs
2025-12-19 23:39:11.116722 | tu kisi ke pass
2025-12-19 23:39:34.577548 | satvik news to prepare for interview
2025-12-19 23:40:12.145202 | current affairs mpc in india
2025-12-19 23:40:50.818365 | you talks a lot
2025-12-19 23:41:17.460197 | i am feeling sad
2025-12-19 23:52:35.129644 | send message on whatsapp
2025-12-19 23:52:40.453861 | who should i message
2025-12-19 23:52:52.216216 | hello
2025-12-20 00:16:04.055963 | send message on whatsapp
2025-12-20 00:16:16.505270 | dhruv
2025-12-20 00:16:25.510112 | hey i am ai assistant
2025-12-20 00:34:51.585240 | send message on whatsapp
2025-12-20 00:34:58.480961 | dhruv
2025-12-20 00:35:07.518472 | hello i am ai assistant
2025-12-20 00:40:00.894566 | send message on whatsapp
2025-12-20 00:40:07.759060 | dhruv
2025-12-20 00:40:15.629815 | hello i am ai assistant
2025-12-20 00:52:43.678968 | send message on whatsapp
2025-12-20 00:52:50.787208 | dhruv
2025-12-20 00:52:59.004064 | hello i am ai assistant
2025-12-20 00:53:23.964412 | go ahead
2025-12-20 00:53:35.896252 | send message on whatsapp
2025-12-20 00:53:43.847331 | dhruv
2025-12-20 00:53:49.277484 | monster truck
2025-12-20 00:53:58.510649 | mis
2025-12-20 00:54:06.451595 | hansi majak
2025-12-20 00:54:15.322018 | si majak
2025-12-20 00:54:49.283433 | send message on whatsapp
2025-12-20 00:54:56.282694 | dhruv
2025-12-20 00:55:05.075272 | hello i am ai assistant
2025-12-20 00:55:59.997720 | send
2025-12-20 01:17:11.267149 | send message on whatsapp
2025-12-20 01:17:19.218687 | dhruv
2025-12-20 01:17:27.894443 | hello bro
2025-12-20 01:18:19.932151 | send message
2025-12-20 01:19:04.322956 | national
2025-12-20 01:19:10.304885 | mera dukaan tere liye
2025-12-20 01:20:14.188610 | dharmesh
2025-12-20 01:20:23.760995 | hyderabad
2025-12-20 01:21:01.275703 | send message on whatsapp
2025-12-20 01:21:09.963867 | dhruv
2025-12-20 01:21:17.925387 | hello dhruv
2025-12-20 01:21:27.698596 | yes send
2025-12-20 01:23:43.830587 | message setting
2025-12-20 01:24:08.488808 | automatic kaise
2025-12-20 01:24:48.658615 | nahin taiyar nahin ho
2025-12-20 01:24:59.425049 | what do you think about sakshi is she mad
2025-12-20 01:25:12.233316 | what do you think about sakshi is she made
2025-12-20 01:25:24.381371 | is sakshi mad
2025-12-20 01:25:52.168664 | mobile camera
2025-12-20 01:26:03.026194 | network net
2025-12-20 01:26:23.162964 | chhota bheem game
2025-12-20 01:32:47.378810 | do you know sakshi
2025-12-20 01:32:59.546754 | do you know sakshi
2025-12-20 01:33:13.778519 | what is today's timing
2025-12-20 01:33:23.659038 | what is today's day
2025-12-20 01:33:35.451897 | what is today's weather
2025-12-20 01:56:34.783878 | open youtube
2025-12-20 01:56:59.620219 | close current tab
2025-12-20 01:57:41.090039 | is all good
2025-12-20 01:58:24.780284 | hu r u
2025-12-20 14:48:57.800441 | hello
2025-12-20 14:49:03.636272 | open youtube
2025-12-20 14:49:12.675078 | search apple
2025-12-20 14:49:39.605061 | search apple
2025-12-20 14:49:54.310265 | who is yash
2025-12-20 14:52:18.280589 | namaste intelligence
2025-12-20 14:52:19.522499 | what is intel
2025-12-20 14:52:55.911577 | why are
2025-12-20 14:52:58.161874 | back falls
2025-12-20 14:53:06.608649 | why o l l m a is offline
2025-12-20 15:38:35.238999 | hi
2025-12-20 15:38:43.730072 | how
2025-12-20 15:39:11.267732 | who is virat kohli
2025-12-20 15:39:44.638766 | kya tumhen hindi
2025-12-20 15:40:25.194210 | bottle ko hindi mein kya kahate hain
2025-12-20 15:40:50.730062 | bottle ko hindi mein kya kahate hain
2025-12-20 15:40:56.699148 | bottle ko hindi mein
2025-12-20 15:41:01.373706 | kya kahate hain
2025-12-20 15:41:31.715511 | who are you
2025-12-20 15:41:59.164165 | main kaun hun
2025-12-20 15:42:22.188208 | do you know me
2025-12-20 15:57:25.225623 | i am bored
2025-12-20 15:58:13.847292 | ok google play game then
2025-12-20 15:58:42.550525 | racing game
2025-12-20 16:12:28.495379 | i am bored
2025-12-20 16:13:04.013104 | open youtube
2025-12-20 16:13:35.569605 | i said open youtube
2025-12-20 16:13:45.787855 | search humsafar song
2025-12-20 16:14:11.997593 | search humsafar song
2025-12-20 16:14:36.616736 | no where are you playing it
2025-12-20 16:15:01.423884 | search humsafar song on youtube
2025-12-20 16:15:34.216316 | yes plate
2025-12-20 16:15:52.155925 | open youtube
2025-12-20 16:16:37.846767 | video open youtube
2025-12-20 16:16:46.796332 | search playboy
2025-12-20 16:18:53.548482 | send message on whatsapp
2025-12-20 16:19:00.694217 | dhruv
2025-12-20 16:19:14.870820 | hello again
2025-12-20 16:19:19.399285 | hello again
2025-12-20 16:19:33.638205 | send message rudru on whatsapp
